<?xml version="1.0" encoding="UTF-8"?>
<!-- Generated by org.testng.reporters.JUnitXMLReporter -->
<testsuite ignored="1" hostname="Abhigyas-MacBook-Pro.local" failures="0" tests="1" name="Default test" time="8.203" errors="0" timestamp="2026-02-14T08:55:15 IST">
  <testcase classname="com.w2a.Selenium_Master_Framework_5.testCases.SwagLabsLoginTest" name="verifyloginWithValidCredentials" time="5.376"/>
  <testcase classname="com.w2a.Selenium_Master_Framework_5.testCases.SwagLabsLoginTest" name="verifyloginWithInValidCredentials" time="0.0">
    <ignored/>
  </testcase> <!-- verifyloginWithInValidCredentials -->
</testsuite> <!-- Default test -->
