<?xml version="1.0" encoding="UTF-8"?>
<!-- Generated by org.testng.reporters.JUnitXMLReporter -->
<testsuite ignored="0" hostname="Abhigyas-MacBook-Pro.local" failures="0" tests="2" name="Test On Chrome" time="8.264" errors="0" timestamp="2026-03-14T08:43:24 IST">
  <testcase classname="com.w2a.Selenium_Master_Framework_5.testCases.SwagLabsLoginTest" name="verifyloginWithValidCredentials" time="1.226"/>
  <testcase classname="com.w2a.Selenium_Master_Framework_5.testCases.SwagLabsLoginTest" name="verifyloginWithInValidCredentials" time="5.265"/>
</testsuite> <!-- Test On Chrome -->
