<?xml version="1.0" encoding="UTF-8"?>
<!-- Generated by org.testng.reporters.JUnitXMLReporter -->
<testsuite ignored="0" hostname="Abhigyas-MacBook-Pro.local" failures="0" tests="2" name="Test" time="7.436" errors="0" timestamp="2026-03-08T08:28:58 IST">
  <testcase classname="com.w2a.Selenium_Master_Framework_5.testCases.SwagLabsLoginTest" name="verifyloginWithInValidCredentials" time="0.214"/>
  <testcase classname="com.w2a.Selenium_Master_Framework_5.testCases.SwagLabsLoginTest" name="verifyloginWithValidCredentials" time="5.401"/>
</testsuite> <!-- Test -->
