<?xml version="1.0" encoding="UTF-8"?>
<testng-results ignored="1" total="2" passed="1" failed="0" skipped="0">
  <reporter-output>
  </reporter-output>
  <suite started-at="2026-02-14T08:55:02 IST" name="Default suite" finished-at="2026-02-14T08:55:10 IST" duration-ms="8203">
    <groups>
    </groups>
    <test started-at="2026-02-14T08:55:02 IST" name="Default test" finished-at="2026-02-14T08:55:10 IST" duration-ms="8203">
      <class name="com.w2a.Selenium_Master_Framework_5.testCases.SwagLabsLoginTest">
        <test-method is-config="true" signature="testSetup()[pri:0, instance:com.w2a.Selenium_Master_Framework_5.testCases.SwagLabsLoginTest@1d9b7cce]" started-at="2026-02-14T08:55:02 IST" name="testSetup" finished-at="2026-02-14T08:55:02 IST" duration-ms="5" status="PASS">
          <reporter-output>
          </reporter-output>
        </test-method> <!-- testSetup -->
        <test-method is-config="true" signature="beforeMethod()[pri:0, instance:com.w2a.Selenium_Master_Framework_5.testCases.SwagLabsLoginTest@1d9b7cce]" started-at="2026-02-14T08:55:02 IST" name="beforeMethod" finished-at="2026-02-14T08:55:05 IST" duration-ms="2694" status="PASS">
          <reporter-output>
          </reporter-output>
        </test-method> <!-- beforeMethod -->
        <test-method signature="verifyloginWithValidCredentials()[pri:0, instance:com.w2a.Selenium_Master_Framework_5.testCases.SwagLabsLoginTest@1d9b7cce]" started-at="2026-02-14T08:55:05 IST" name="verifyloginWithValidCredentials" finished-at="2026-02-14T08:55:10 IST" duration-ms="5376" status="PASS">
          <reporter-output>
          </reporter-output>
        </test-method> <!-- verifyloginWithValidCredentials -->
        <test-method is-config="true" signature="afterMethod()[pri:0, instance:com.w2a.Selenium_Master_Framework_5.testCases.SwagLabsLoginTest@1d9b7cce]" started-at="2026-02-14T08:55:10 IST" name="afterMethod" finished-at="2026-02-14T08:55:10 IST" duration-ms="116" status="PASS">
          <reporter-output>
          </reporter-output>
        </test-method> <!-- afterMethod -->
      </class> <!-- com.w2a.Selenium_Master_Framework_5.testCases.SwagLabsLoginTest -->
    </test> <!-- Default test -->
  </suite> <!-- Default suite -->
</testng-results>
