<?xml version="1.0" encoding="UTF-8"?>
<!-- Generated by org.testng.reporters.JUnitReportReporter -->
<testsuite hostname="Abhigyas-MacBook-Pro.local" failures="0" tests="1" name="com.w2a.Selenium_Master_Framework_5.testCases.SwagLabsLoginTest" time="8.707" errors="0" timestamp="2026-01-31T09:30:45 IST" skipped="0">
  <testcase classname="com.w2a.Selenium_Master_Framework_5.testCases.SwagLabsLoginTest" name="verifyloginWithValidCredentials" time="8.707"/>
</testsuite> <!-- com.w2a.Selenium_Master_Framework_5.testCases.SwagLabsLoginTest -->
