<?xml version="1.0" encoding="UTF-8"?>
<!-- Generated by org.testng.reporters.JUnitReportReporter -->
<testsuite hostname="Abhigyas-MacBook-Pro.local" failures="0" tests="2" name="com.w2a.Selenium_Master_Framework_5.testCases.SwagLabsLoginTest" time="12.570" errors="0" timestamp="2026-03-14T08:43:24 IST" skipped="0">
  <testcase classname="com.w2a.Selenium_Master_Framework_5.testCases.SwagLabsLoginTest" name="verifyloginWithValidCredentials" time="4.203"/>
  <testcase classname="com.w2a.Selenium_Master_Framework_5.testCases.SwagLabsLoginTest" name="verifyloginWithInValidCredentials" time="8.367"/>
</testsuite> <!-- com.w2a.Selenium_Master_Framework_5.testCases.SwagLabsLoginTest -->
